<?xml version="1.0" encoding="UTF-8"?>
<!-- Generated by org.testng.reporters.JUnitReportReporter -->
<testsuite skipped="0" hostname="NETHRA-PC" name="august.restassured.classroom.aug18assignment.CreateJIRAIssue" tests="1" failures="0" timestamp="2020-08-17T11:05:51 IST" time="5.708" errors="0">
  <testcase name="createJiraIssue" time="5.708" classname="august.restassured.classroom.aug18assignment.CreateJIRAIssue"/>
  <system-out/>
</testsuite> <!-- august.restassured.classroom.aug18assignment.CreateJIRAIssue -->
