<?xml version="1.0" encoding="UTF-8"?>
<!-- Generated by org.testng.reporters.JUnitReportReporter -->
<testsuite skipped="0" hostname="NETHRA-PC" name="august.restassured.cookies.LearnCookies" tests="1" failures="0" timestamp="2020-08-17T23:16:51 IST" time="17.043" errors="0">
  <testcase name="getCookiesUsage" time="17.043" classname="august.restassured.cookies.LearnCookies"/>
  <system-out/>
</testsuite> <!-- august.restassured.cookies.LearnCookies -->
