<?xml version="1.0" encoding="UTF-8"?>
<!-- Generated by org.testng.reporters.JUnitReportReporter -->
<testsuite skipped="0" hostname="NETHRA-PC" name="august.restassured.aug18assignment.SNSchemaValidationForPost" tests="1" failures="0" timestamp="2020-08-18T22:48:34 IST" time="9.968" errors="0">
  <testcase name="schemaValidationForPost" time="9.968" classname="august.restassured.aug18assignment.SNSchemaValidationForPost"/>
  <system-out/>
</testsuite> <!-- august.restassured.aug18assignment.SNSchemaValidationForPost -->
