<?xml version="1.0" encoding="UTF-8"?>
<!-- Generated by org.testng.reporters.JUnitReportReporter -->
<testsuite skipped="0" hostname="NETHRA-PC" name="august.restassured.delete.DeleteChangeRequest" tests="1" failures="0" timestamp="2020-08-15T17:24:10 IST" time="10.419" errors="0">
  <testcase name="deleteChangeRequest" time="10.419" classname="august.restassured.delete.DeleteChangeRequest"/>
</testsuite> <!-- august.restassured.delete.DeleteChangeRequest -->
