<?xml version="1.0" encoding="UTF-8"?>
<!-- Generated by org.testng.reporters.JUnitReportReporter -->
<testsuite skipped="0" hostname="NETHRA-PC" name="august.restassured.aug18assignment.GetIssue" tests="1" failures="0" timestamp="2020-08-19T19:51:33 IST" time="1.126" errors="0">
  <testcase name="getIssue" time="1.126" classname="august.restassured.aug18assignment.GetIssue"/>
  <system-out/>
</testsuite> <!-- august.restassured.aug18assignment.GetIssue -->
