<?xml version="1.0" encoding="UTF-8"?>
<!-- Generated by org.testng.reporters.JUnitReportReporter -->
<testsuite skipped="0" hostname="NETHRA-PC" name="august.restassured.modify.ModifyUsingPutForIncident" tests="1" failures="0" timestamp="2020-08-15T17:02:35 IST" time="10.419" errors="0">
  <testcase name="modifyUsingPutForIncident" time="10.419" classname="august.restassured.modify.ModifyUsingPutForIncident"/>
</testsuite> <!-- august.restassured.modify.ModifyUsingPutForIncident -->
