<?xml version="1.0" encoding="UTF-8"?>
<!-- Generated by org.testng.reporters.JUnitReportReporter -->
<testsuite skipped="0" hostname="NETHRA-PC" name="august.restassured.chaining.PostChangeRequest" tests="1" failures="0" timestamp="2020-08-16T11:10:05 IST" time="12.814" errors="0">
  <testcase name="postNewChangeRequest" time="12.814" classname="august.restassured.chaining.PostChangeRequest"/>
</testsuite> <!-- august.restassured.chaining.PostChangeRequest -->
