<?xml version="1.0" encoding="UTF-8"?>
<!-- Generated by org.testng.reporters.JUnitReportReporter -->
<testsuite skipped="0" hostname="NETHRA-PC" name="august.restassured.aug18assignment.UpdateJIRAIssueWithChaining" tests="1" failures="0" timestamp="2020-08-17T12:18:53 IST" time="0.564" errors="0">
  <testcase name="UupdateJIRAIssueWithChaining" time="0.564" classname="august.restassured.aug18assignment.UpdateJIRAIssueWithChaining"/>
  <system-out/>
</testsuite> <!-- august.restassured.aug18assignment.UpdateJIRAIssueWithChaining -->
