<?xml version="1.0" encoding="UTF-8"?>
<!-- Generated by org.testng.reporters.JUnitReportReporter -->
<testsuite skipped="0" hostname="NETHRA-PC" name="august.restassured.create.CreateIncidentWithStringBody" tests="1" failures="0" timestamp="2020-08-15T16:28:12 IST" time="9.892" errors="0">
  <testcase name="createIncidentWithStringBody" time="9.892" classname="august.restassured.create.CreateIncidentWithStringBody"/>
</testsuite> <!-- august.restassured.create.CreateIncidentWithStringBody -->
