<?xml version="1.0" encoding="UTF-8"?>
<!-- Generated by org.testng.reporters.JUnitReportReporter -->
<testsuite skipped="0" hostname="NETHRA-PC" name="august.restassured.aug18assignment.CreateJIRAIssue" tests="1" failures="0" timestamp="2020-08-19T19:51:33 IST" time="9.545" errors="0">
  <testcase name="createJiraIssue" time="9.545" classname="august.restassured.aug18assignment.CreateJIRAIssue"/>
  <system-out/>
</testsuite> <!-- august.restassured.aug18assignment.CreateJIRAIssue -->
