<?xml version="1.0" encoding="UTF-8"?>
<!-- Generated by org.testng.reporters.JUnitReportReporter -->
<testsuite skipped="0" hostname="NETHRA-PC" name="august.restassured.CreateIncidentWithMultipleData" tests="2" failures="0" timestamp="2020-08-15T13:48:57 IST" time="12.764" errors="0">
  <testcase name="createChangeRequest" time="3.992" classname="august.restassured.CreateIncidentWithMultipleData"/>
  <testcase name="createChangeRequest" time="8.772" classname="august.restassured.CreateIncidentWithMultipleData"/>
</testsuite> <!-- august.restassured.CreateIncidentWithMultipleData -->
