<?xml version="1.0" encoding="UTF-8"?>
<!-- Generated by org.testng.reporters.JUnitReportReporter -->
<testsuite skipped="0" hostname="NETHRA-PC" name="august.restassured.classroom.aug18.LearnSchema" tests="1" failures="0" timestamp="2020-08-18T00:27:58 IST" time="11.717" errors="0">
  <testcase name="createIncidentWithStringBody" time="11.717" classname="august.restassured.classroom.aug18.LearnSchema"/>
  <system-out/>
</testsuite> <!-- august.restassured.classroom.aug18.LearnSchema -->
