<?xml version="1.0" encoding="UTF-8"?>
<!-- Generated by org.testng.reporters.JUnitReportReporter -->
<testsuite skipped="0" hostname="NETHRA-PC" name="august.restassured.runner.RunChangeRequest" tests="3" failures="0" timestamp="2020-08-17T16:05:02 IST" time="20.493" errors="0">
  <testcase name="runScenario" time="6.666" classname="august.restassured.runner.RunChangeRequest"/>
  <system-out/>
  <testcase name="runScenario" time="3.703" classname="august.restassured.runner.RunChangeRequest"/>
  <system-out/>
  <testcase name="runScenario" time="10.124" classname="august.restassured.runner.RunChangeRequest"/>
  <system-out/>
</testsuite> <!-- august.restassured.runner.RunChangeRequest -->
