<?xml version="1.0" encoding="UTF-8"?>
<!-- Generated by org.testng.reporters.JUnitReportReporter -->
<testsuite skipped="2" hostname="NETHRA-PC" name="august.restassured.runner.RunIncidents" tests="2" failures="0" timestamp="2020-08-17T15:02:06 IST" time="1.479" errors="0">
  <testcase name="runScenario" time="0.005" classname="august.restassured.runner.RunIncidents">
    <skipped/>
  </testcase> <!-- runScenario -->
  <system-out/>
  <testcase name="runScenario" time="1.474" classname="august.restassured.runner.RunIncidents">
    <skipped/>
  </testcase> <!-- runScenario -->
  <system-out/>
</testsuite> <!-- august.restassured.runner.RunIncidents -->
