<?xml version="1.0" encoding="UTF-8"?>
<!-- Generated by org.testng.reporters.JUnitReportReporter -->
<testsuite skipped="0" hostname="NETHRA-PC" name="august.restassured.aug18assignment.CreateCRUsingOAuth2" tests="1" failures="0" timestamp="2020-08-18T22:12:27 IST" time="6.411" errors="0">
  <testcase name="createCRUsingOAuth2" time="6.411" classname="august.restassured.aug18assignment.CreateCRUsingOAuth2"/>
  <system-out/>
</testsuite> <!-- august.restassured.aug18assignment.CreateCRUsingOAuth2 -->
