<?xml version="1.0" encoding="UTF-8"?>
<!-- Generated by org.testng.reporters.JUnitReportReporter -->
<testsuite skipped="0" hostname="NETHRA-PC" name="august.restassured.chaining.DeleteIncident" tests="1" failures="0" timestamp="2020-08-16T09:44:04 IST" time="3.582" errors="0">
  <testcase name="deleteIncidentChangeRequest" time="3.582" classname="august.restassured.chaining.DeleteIncident"/>
</testsuite> <!-- august.restassured.chaining.DeleteIncident -->
