<?xml version="1.0" encoding="UTF-8"?>
<!-- Generated by org.testng.reporters.JUnitReportReporter -->
<testsuite skipped="0" hostname="NETHRA-PC" name="august.restassured.aug18assignment.CreateChangeRequestWithBody" tests="1" failures="0" timestamp="2020-08-18T22:30:57 IST" time="8.847" errors="0">
  <testcase name="createChangeRequest" time="8.847" classname="august.restassured.aug18assignment.CreateChangeRequestWithBody"/>
  <system-out/>
</testsuite> <!-- august.restassured.aug18assignment.CreateChangeRequestWithBody -->
