<?xml version="1.0" encoding="UTF-8"?>
<!-- Generated by org.testng.reporters.JUnitReportReporter -->
<testsuite skipped="0" hostname="NETHRA-PC" name="august.restassured.GetAllIncidents" tests="1" failures="0" timestamp="2020-08-15T12:52:13 IST" time="7.535" errors="0">
  <testcase name="getAllIncidents" time="7.535" classname="august.restassured.GetAllIncidents"/>
</testsuite> <!-- august.restassured.GetAllIncidents -->
