<?xml version="1.0" encoding="UTF-8"?>
<!-- Generated by org.testng.reporters.JUnitReportReporter -->
<testsuite skipped="0" hostname="NETHRA-PC" name="august.restassured.aug18assignment.AttachFileToJIRAIssue" tests="1" failures="0" timestamp="2020-08-17T20:01:11 IST" time="3.100" errors="0">
  <testcase name="attachFileToJIRAIssue" time="3.100" classname="august.restassured.aug18assignment.AttachFileToJIRAIssue"/>
  <system-out/>
</testsuite> <!-- august.restassured.aug18assignment.AttachFileToJIRAIssue -->
