<?xml version="1.0" encoding="UTF-8"?>
<!-- Generated by org.testng.reporters.JUnitReportReporter -->
<testsuite skipped="0" hostname="NETHRA-PC" name="august.restassured.modify.ModifyUsingPatchForCR" tests="1" failures="0" timestamp="2020-08-15T17:20:12 IST" time="19.889" errors="0">
  <testcase name="modifyUsingUsingPatchForCR" time="19.889" classname="august.restassured.modify.ModifyUsingPatchForCR"/>
</testsuite> <!-- august.restassured.modify.ModifyUsingPatchForCR -->
