<?xml version="1.0" encoding="UTF-8"?>
<!-- Generated by org.testng.reporters.JUnitReportReporter -->
<testsuite skipped="0" hostname="NETHRA-PC" name="august.restassured.CreateIncidentWithBody" tests="1" failures="0" timestamp="2020-08-15T13:10:29 IST" time="9.063" errors="0">
  <testcase name="createChangeRequest" time="9.063" classname="august.restassured.CreateIncidentWithBody"/>
</testsuite> <!-- august.restassured.CreateIncidentWithBody -->
