<?xml version="1.0" encoding="UTF-8"?>
<!-- Generated by org.testng.reporters.JUnitReportReporter -->
<testsuite skipped="0" hostname="NETHRA-PC" name="august.restassured.classroom.aug18.AssertionWithChangeRequest" tests="1" failures="0" timestamp="2020-08-16T12:52:52 IST" time="11.542" errors="0">
  <testcase name="createChangeRequest" time="11.542" classname="august.restassured.classroom.aug18.AssertionWithChangeRequest"/>
</testsuite> <!-- august.restassured.classroom.aug18.AssertionWithChangeRequest -->
