<?xml version="1.0" encoding="UTF-8"?>
<!-- Generated by org.testng.reporters.JUnitReportReporter -->
<testsuite skipped="0" hostname="NETHRA-PC" name="august.restassured.chaining.ModifyCRUsingPut" tests="1" failures="0" timestamp="2020-08-16T11:10:05 IST" time="3.980" errors="0">
  <testcase name="modifyUsingPutForCR" time="3.980" classname="august.restassured.chaining.ModifyCRUsingPut"/>
</testsuite> <!-- august.restassured.chaining.ModifyCRUsingPut -->
