<?xml version="1.0" encoding="UTF-8"?>
<!-- Generated by org.testng.reporters.JUnitReportReporter -->
<testsuite skipped="0" hostname="NETHRA-PC" name="august.restassured.chaining.PostNewIncident" tests="1" failures="0" timestamp="2020-08-16T09:44:04 IST" time="12.412" errors="0">
  <testcase name="postNewIncident" time="12.412" classname="august.restassured.chaining.PostNewIncident"/>
</testsuite> <!-- august.restassured.chaining.PostNewIncident -->
