<?xml version="1.0" encoding="UTF-8"?>
<!-- Generated by org.testng.reporters.JUnitReportReporter -->
<testsuite skipped="1" hostname="NETHRA-PC" name="august.restassured.chaining.ModfyCRUsingPut" tests="1" failures="0" timestamp="2020-08-16T10:42:13 IST" time="0.000" errors="0">
  <testcase name="modifyUsingPutForCR" time="0.000" classname="august.restassured.chaining.ModfyCRUsingPut">
    <skipped/>
  </testcase> <!-- modifyUsingPutForCR -->
</testsuite> <!-- august.restassured.chaining.ModfyCRUsingPut -->
